Using pre-set license
Built from 'trunk' branch; Version is '2021.2.0a5 (4a734693b889) revision 4879174'; Using compiler version '192829333'; Build Type 'Release'
OS: 'Windows 10 Home; OS build 19042.804; Version 2009; 64bit' Language: 'en' Physical Memory: 7549 MB
BatchMode: 1, IsHumanControllingUs: 0, StartBugReporterOnCrash: 0, Is64bit: 1, IsPro: 0

 COMMAND LINE ARGUMENTS:
E:\Unity Projects\Engine\2020.1.1f1\2021.2.0a5\Editor\Unity.exe
-adb2
-batchMode
-noUpm
-name
AssetImportWorker0
-projectPath
E:/Unity Projects/Course- Junior Programmer/Prototype 5
-logFile
Logs/AssetImportWorker0.log
-srvPort
50297
Successfully changed project path to: E:/Unity Projects/Course- Junior Programmer/Prototype 5
E:/Unity Projects/Course- Junior Programmer/Prototype 5
Using Asset Import Pipeline V2.
Refreshing native plugins compatible for Editor in 63.42 ms, found 1 plugins.
Preloading 0 native plugins for Editor in 0.00 ms.
Initialize engine version: 2021.2.0a5 (4a734693b889)
[Subsystems] Discovering subsystems at path E:/Unity Projects/Engine/2020.1.1f1/2021.2.0a5/Editor/Data/Resources/UnitySubsystems
[Subsystems] Discovering subsystems at path E:/Unity Projects/Course- Junior Programmer/Prototype 5/Assets
GfxDevice: creating device client; threaded=0; jobified=0
Direct3D:
    Version:  Direct3D 11.0 [level 11.1]
    Renderer: NVIDIA GeForce GTX 1650 (ID=0x1f99)
    Vendor:   NVIDIA
    VRAM:     3962 MB
    Driver:   27.21.14.6192
Initialize mono
Mono path[0] = 'E:/Unity Projects/Engine/2020.1.1f1/2021.2.0a5/Editor/Data/Managed'
Mono path[1] = 'E:/Unity Projects/Engine/2020.1.1f1/2021.2.0a5/Editor/Data/MonoBleedingEdge/lib/mono/unityjit'
Mono config path = 'E:/Unity Projects/Engine/2020.1.1f1/2021.2.0a5/Editor/Data/MonoBleedingEdge/etc'
Using monoOptions --debugger-agent=transport=dt_socket,embedding=1,server=y,suspend=n,address=127.0.0.1:56056
Begin MonoManager ReloadAssembly
Registering precompiled unity dll's ...
Register platform support module: E:/Unity Projects/Engine/2020.1.1f1/2021.2.0a5/Editor/Data/PlaybackEngines/WebGLSupport/UnityEditor.WebGL.Extensions.dll
Register platform support module: E:/Unity Projects/Engine/2020.1.1f1/2021.2.0a5/Editor/Data/PlaybackEngines/WindowsStandaloneSupport/UnityEditor.WindowsStandalone.Extensions.dll
Registered in 0.001619 seconds.
Native extension for WindowsStandalone target not found
Native extension for WebGL target not found
Refreshing native plugins compatible for Editor in 80.04 ms, found 1 plugins.
Preloading 0 native plugins for Editor in 0.00 ms.
Mono: successfully reloaded assembly
- Completed reload, in  1.511 seconds
Platform modules already initialized, skipping
Registering precompiled user dll's ...
Registered in 0.003177 seconds.
Begin MonoManager ReloadAssembly
Native extension for WindowsStandalone target not found
Native extension for WebGL target not found
Refreshing native plugins compatible for Editor in 0.59 ms, found 1 plugins.
Preloading 0 native plugins for Editor in 0.00 ms.
Mono: successfully reloaded assembly
- Completed reload, in  1.020 seconds
Platform modules already initialized, skipping
========================================================================
Worker process is ready to serve import requests
Launched and connected shader compiler UnityShaderCompiler.exe after 0.05 seconds
Refreshing native plugins compatible for Editor in 0.52 ms, found 1 plugins.
Preloading 0 native plugins for Editor in 0.00 ms.
Unloading 2667 Unused Serialized files (Serialized files now loaded: 0)
System memory in use before: 100.6 MB.
System memory in use after: 100.8 MB.

Unloading 15 unused Assets to reduce memory usage. Loaded Objects now: 3123.
Total: 2.423800 ms (FindLiveObjects: 0.292300 ms CreateObjectMapping: 0.096800 ms MarkObjects: 1.949900 ms  DeleteObjects: 0.083200 ms)

========================================================================
Received Import Request.
  path: Assets/Scripts/DifficultyButton.cs
  artifactKey: Guid(756b13b4d679854449cb1113f6a5a198) Importer(815301076,1909f56bfc062723c751e8b465ee728b)
Start importing Assets/Scripts/DifficultyButton.cs using Guid(756b13b4d679854449cb1113f6a5a198) Importer(815301076,1909f56bfc062723c751e8b465ee728b)  -> (artifact id: '6feaa431af629a74783b4eef400c9e72') in 0.066665 seconds 
========================================================================
Received Prepare
Registering precompiled user dll's ...
Registered in 0.003082 seconds.
Begin MonoManager ReloadAssembly
Native extension for WindowsStandalone target not found
Native extension for WebGL target not found
Refreshing native plugins compatible for Editor in 0.58 ms, found 1 plugins.
Preloading 0 native plugins for Editor in 0.00 ms.
Mono: successfully reloaded assembly
- Completed reload, in  0.865 seconds
Platform modules already initialized, skipping
Refreshing native plugins compatible for Editor in 0.58 ms, found 1 plugins.
Preloading 0 native plugins for Editor in 0.00 ms.
Unloading 2648 Unused Serialized files (Serialized files now loaded: 0)
System memory in use before: 99.2 MB.
System memory in use after: 99.4 MB.

Unloading 10 unused Assets to reduce memory usage. Loaded Objects now: 3125.
Total: 3.118700 ms (FindLiveObjects: 0.306300 ms CreateObjectMapping: 0.137600 ms MarkObjects: 2.591800 ms  DeleteObjects: 0.081300 ms)

========================================================================
Received Prepare
Registering precompiled user dll's ...
Registered in 0.003193 seconds.
Begin MonoManager ReloadAssembly
Native extension for WindowsStandalone target not found
Native extension for WebGL target not found
Refreshing native plugins compatible for Editor in 0.53 ms, found 1 plugins.
Preloading 0 native plugins for Editor in 0.00 ms.
Mono: successfully reloaded assembly
- Completed reload, in  0.866 seconds
Platform modules already initialized, skipping
Refreshing native plugins compatible for Editor in 0.52 ms, found 1 plugins.
Preloading 0 native plugins for Editor in 0.00 ms.
Unloading 2648 Unused Serialized files (Serialized files now loaded: 0)
System memory in use before: 99.2 MB.
System memory in use after: 99.4 MB.

Unloading 10 unused Assets to reduce memory usage. Loaded Objects now: 3127.
Total: 2.584500 ms (FindLiveObjects: 0.304200 ms CreateObjectMapping: 0.137200 ms MarkObjects: 2.069500 ms  DeleteObjects: 0.071300 ms)

========================================================================
Received Prepare
Registering precompiled user dll's ...
Registered in 0.003321 seconds.
Begin MonoManager ReloadAssembly
Native extension for WindowsStandalone target not found
Native extension for WebGL target not found
Refreshing native plugins compatible for Editor in 0.52 ms, found 1 plugins.
Preloading 0 native plugins for Editor in 0.00 ms.
Mono: successfully reloaded assembly
- Completed reload, in  0.847 seconds
Platform modules already initialized, skipping
Refreshing native plugins compatible for Editor in 0.57 ms, found 1 plugins.
Preloading 0 native plugins for Editor in 0.00 ms.
Unloading 2648 Unused Serialized files (Serialized files now loaded: 0)
System memory in use before: 99.3 MB.
System memory in use after: 99.5 MB.

Unloading 10 unused Assets to reduce memory usage. Loaded Objects now: 3129.
Total: 2.544400 ms (FindLiveObjects: 0.295200 ms CreateObjectMapping: 0.136100 ms MarkObjects: 2.053100 ms  DeleteObjects: 0.058000 ms)

========================================================================
Received Prepare
Registering precompiled user dll's ...
Registered in 0.003036 seconds.
Begin MonoManager ReloadAssembly
Native extension for WindowsStandalone target not found
Native extension for WebGL target not found
Refreshing native plugins compatible for Editor in 0.53 ms, found 1 plugins.
Preloading 0 native plugins for Editor in 0.00 ms.
Mono: successfully reloaded assembly
- Completed reload, in  0.842 seconds
Platform modules already initialized, skipping
Refreshing native plugins compatible for Editor in 0.57 ms, found 1 plugins.
Preloading 0 native plugins for Editor in 0.00 ms.
Unloading 2648 Unused Serialized files (Serialized files now loaded: 0)
System memory in use before: 99.3 MB.
System memory in use after: 99.5 MB.

Unloading 10 unused Assets to reduce memory usage. Loaded Objects now: 3131.
Total: 2.176400 ms (FindLiveObjects: 0.315200 ms CreateObjectMapping: 0.119800 ms MarkObjects: 1.679700 ms  DeleteObjects: 0.060600 ms)

========================================================================
Received Prepare
Registering precompiled user dll's ...
Registered in 0.003123 seconds.
Begin MonoManager ReloadAssembly
Native extension for WindowsStandalone target not found
Native extension for WebGL target not found
Refreshing native plugins compatible for Editor in 0.52 ms, found 1 plugins.
Preloading 0 native plugins for Editor in 0.00 ms.
Mono: successfully reloaded assembly
- Completed reload, in  0.886 seconds
Platform modules already initialized, skipping
Refreshing native plugins compatible for Editor in 0.51 ms, found 1 plugins.
Preloading 0 native plugins for Editor in 0.00 ms.
Unloading 2648 Unused Serialized files (Serialized files now loaded: 0)
System memory in use before: 99.3 MB.
System memory in use after: 99.5 MB.

Unloading 10 unused Assets to reduce memory usage. Loaded Objects now: 3133.
Total: 3.011800 ms (FindLiveObjects: 0.301100 ms CreateObjectMapping: 0.139000 ms MarkObjects: 2.509000 ms  DeleteObjects: 0.061000 ms)

========================================================================
Received Prepare
Registering precompiled user dll's ...
Registered in 0.003066 seconds.
Begin MonoManager ReloadAssembly
Native extension for WindowsStandalone target not found
Native extension for WebGL target not found
Refreshing native plugins compatible for Editor in 0.60 ms, found 1 plugins.
Preloading 0 native plugins for Editor in 0.00 ms.
Mono: successfully reloaded assembly
- Completed reload, in  0.836 seconds
Platform modules already initialized, skipping
Refreshing native plugins compatible for Editor in 0.50 ms, found 1 plugins.
Preloading 0 native plugins for Editor in 0.00 ms.
Unloading 2648 Unused Serialized files (Serialized files now loaded: 0)
System memory in use before: 99.3 MB.
System memory in use after: 99.5 MB.

Unloading 10 unused Assets to reduce memory usage. Loaded Objects now: 3135.
Total: 2.756400 ms (FindLiveObjects: 0.330100 ms CreateObjectMapping: 0.137600 ms MarkObjects: 2.215300 ms  DeleteObjects: 0.071700 ms)

========================================================================
Received Prepare
Registering precompiled user dll's ...
Registered in 0.003036 seconds.
Begin MonoManager ReloadAssembly
Native extension for WindowsStandalone target not found
Native extension for WebGL target not found
Refreshing native plugins compatible for Editor in 0.53 ms, found 1 plugins.
Preloading 0 native plugins for Editor in 0.00 ms.
Mono: successfully reloaded assembly
- Completed reload, in  0.830 seconds
Platform modules already initialized, skipping
Refreshing native plugins compatible for Editor in 0.51 ms, found 1 plugins.
Preloading 0 native plugins for Editor in 0.00 ms.
Unloading 2648 Unused Serialized files (Serialized files now loaded: 0)
System memory in use before: 99.3 MB.
System memory in use after: 99.5 MB.

Unloading 10 unused Assets to reduce memory usage. Loaded Objects now: 3137.
Total: 2.109900 ms (FindLiveObjects: 0.309100 ms CreateObjectMapping: 0.143300 ms MarkObjects: 1.600700 ms  DeleteObjects: 0.055200 ms)

========================================================================
Received Prepare
Registering precompiled user dll's ...
Registered in 0.003686 seconds.
Begin MonoManager ReloadAssembly
Native extension for WindowsStandalone target not found
Native extension for WebGL target not found
Refreshing native plugins compatible for Editor in 0.57 ms, found 1 plugins.
Preloading 0 native plugins for Editor in 0.00 ms.
Mono: successfully reloaded assembly
- Completed reload, in  0.803 seconds
Platform modules already initialized, skipping
Refreshing native plugins compatible for Editor in 0.84 ms, found 1 plugins.
Preloading 0 native plugins for Editor in 0.00 ms.
Unloading 2648 Unused Serialized files (Serialized files now loaded: 0)
System memory in use before: 99.3 MB.
System memory in use after: 99.5 MB.

Unloading 10 unused Assets to reduce memory usage. Loaded Objects now: 3139.
Total: 2.244300 ms (FindLiveObjects: 0.252800 ms CreateObjectMapping: 0.084600 ms MarkObjects: 1.842200 ms  DeleteObjects: 0.063300 ms)

========================================================================
Received Prepare
Registering precompiled user dll's ...
Registered in 0.004076 seconds.
Begin MonoManager ReloadAssembly
Native extension for WindowsStandalone target not found
Native extension for WebGL target not found
Refreshing native plugins compatible for Editor in 0.69 ms, found 1 plugins.
Preloading 0 native plugins for Editor in 0.00 ms.
Mono: successfully reloaded assembly
- Completed reload, in  1.009 seconds
Platform modules already initialized, skipping
Refreshing native plugins compatible for Editor in 0.59 ms, found 1 plugins.
Preloading 0 native plugins for Editor in 0.00 ms.
Unloading 2648 Unused Serialized files (Serialized files now loaded: 0)
System memory in use before: 99.3 MB.
System memory in use after: 99.5 MB.

Unloading 10 unused Assets to reduce memory usage. Loaded Objects now: 3141.
Total: 2.437700 ms (FindLiveObjects: 0.287000 ms CreateObjectMapping: 0.078600 ms MarkObjects: 2.005800 ms  DeleteObjects: 0.064600 ms)

AssetImportWorkerClient::OnTransportError - code=2 error=End of file
